生成启动时间为 2017/11/5 16:39:24。
     1>项目“C:\文档\c-index\跨函数内存使用\跨函数内存使用\跨函数内存使用.vcxproj”在节点 2 上(build 个目标)。
     1>InitializeBuildStatus:
         正在创建“Debug\跨函数内存使用.unsuccessfulbuild”，因为已指定“AlwaysCreate”。
       ClCompile:
         C:\Program Files (x86)\Microsoft Visual Studio 10.0\VC\bin\CL.exe /c /ZI /nologo /W3 /WX- /Od /Oy- /D _UNICODE /D UNICODE /Gm /EHsc /RTC1 /MDd /GS /fp:precise /Zc:wchar_t /Zc:forScope /Fo"Debug\\" /Fd"Debug\vc100.pdb" /Gd /TP /analyze- /errorReport:prompt "1栈内存.cpp" "4结构体与函数.cpp"
         4结构体与函数.cpp
     1>c:\文档\c-index\跨函数内存使用\跨函数内存使用\4结构体与函数.cpp(13): warning C4996: 'strcpy': This function or variable may be unsafe. Consider using strcpy_s instead. To disable deprecation, use _CRT_SECURE_NO_WARNINGS. See online help for details.
                 c:\program files (x86)\microsoft visual studio 10.0\vc\include\string.h(105) : 参见“strcpy”的声明
         1栈内存.cpp
     1>c:\文档\c-index\跨函数内存使用\跨函数内存使用\1栈内存.cpp(9): warning C4172: 返回局部变量或临时变量的地址
     1>c:\文档\c-index\跨函数内存使用\跨函数内存使用\1栈内存.cpp(23): warning C4996: 'strcpy': This function or variable may be unsafe. Consider using strcpy_s instead. To disable deprecation, use _CRT_SECURE_NO_WARNINGS. See online help for details.
                 c:\program files (x86)\microsoft visual studio 10.0\vc\include\string.h(105) : 参见“strcpy”的声明
         正在生成代码...
       Link:
         C:\Program Files (x86)\Microsoft Visual Studio 10.0\VC\bin\link.exe /ERRORREPORT:PROMPT /OUT:"C:\文档\c-index\跨函数内存使用\Debug\跨函数内存使用.exe" /NOLOGO kernel32.lib user32.lib gdi32.lib winspool.lib comdlg32.lib advapi32.lib shell32.lib ole32.lib oleaut32.lib uuid.lib odbc32.lib odbccp32.lib /MANIFEST /ManifestFile:"Debug\跨函数内存使用.exe.intermediate.manifest" /MANIFESTUAC:"level='asInvoker' uiAccess='false'" /DEBUG /PDB:"C:\文档\c-index\跨函数内存使用\Debug\跨函数内存使用.pdb" /TLBID:1 /DYNAMICBASE /NXCOMPAT /IMPLIB:"C:\文档\c-index\跨函数内存使用\Debug\跨函数内存使用.lib" /MACHINE:X86 "Debug\1栈内存.obj"
         "Debug\2堆内存.obj"
         "Debug\3指针指向静态常量.obj"
         "Debug\4结构体与函数.obj"
         LINK : 没有找到 C:\文档\c-index\跨函数内存使用\Debug\跨函数内存使用.exe 或上一个增量链接没有生成它；正在执行完全链接
         跨函数内存使用.vcxproj -> C:\文档\c-index\跨函数内存使用\Debug\跨函数内存使用.exe
       Manifest:
         C:\Program Files (x86)\Microsoft SDKs\Windows\v7.0A\bin\mt.exe /nologo /verbose /outputresource:"C:\文档\c-index\跨函数内存使用\Debug\跨函数内存使用.exe;#1" /manifest "Debug\跨函数内存使用.exe.intermediate.manifest"
       FinalizeBuildStatus:
         正在删除文件“Debug\跨函数内存使用.unsuccessfulbuild”。
         正在对“Debug\跨函数内存使用.lastbuildstate”执行 Touch 任务。
     1>已完成生成项目“C:\文档\c-index\跨函数内存使用\跨函数内存使用\跨函数内存使用.vcxproj”(build 个目标)的操作。

生成成功。

已用时间 00:00:01.78
